<?xml version="1.0" encoding="utf-8"?>
<TestRun id="3f254019-2a4c-4e23-9638-8fe8f4daf5d7" name="ventu@DESKTOP-3M0GOB3 2025-10-24 09:34:59" runUser="DESKTOP-3M0GOB3\ventu" xmlns="http://microsoft.com/schemas/VisualStudio/TeamTest/2010">
  <Times creation="2025-10-24T09:34:59.8243421+02:00" queuing="2025-10-24T09:34:59.8243424+02:00" start="2025-10-24T09:34:58.9353553+02:00" finish="2025-10-24T09:34:59.8349146+02:00" />
  <TestSettings name="default" id="66e38766-c1af-4bdf-b237-8020cd3711e7">
    <Deployment runDeploymentRoot="ventu_DESKTOP-3M0GOB3_2025-10-24_09_34_59" />
  </TestSettings>
  <Results>
    <UnitTestResult executionId="0c07f01e-f49e-45c0-ba90-c738226d1375" testId="6dcf93c1-7a34-1679-8aad-2b161e9765f8" testName="MatchEngine.Tests.UnitTest1.Test1" computerName="DESKTOP-3M0GOB3" duration="00:00:00.0035745" startTime="2025-10-24T09:34:59.6750769+02:00" endTime="2025-10-24T09:34:59.6751071+02:00" testType="13cdc9d9-ddb5-4fa4-a97d-d965ccfc6d4b" outcome="Passed" testListId="8c84fa94-04c1-424b-9868-57a2d4851a1d" relativeResultsDirectory="0c07f01e-f49e-45c0-ba90-c738226d1375" />
  </Results>
  <TestDefinitions>
    <UnitTest name="MatchEngine.Tests.UnitTest1.Test1" storage="d:\programowanie\match-engine\tests\matchengine.tests\bin\debug\net9.0\matchengine.tests.dll" id="6dcf93c1-7a34-1679-8aad-2b161e9765f8">
      <Execution id="0c07f01e-f49e-45c0-ba90-c738226d1375" />
      <TestMethod codeBase="D:\Programowanie\Match-engine\tests\MatchEngine.Tests\bin\Debug\net9.0\MatchEngine.Tests.dll" adapterTypeName="executor://xunit/VsTestRunner2/netcoreapp" className="MatchEngine.Tests.UnitTest1" name="Test1" />
    </UnitTest>
  </TestDefinitions>
  <TestEntries>
    <TestEntry testId="6dcf93c1-7a34-1679-8aad-2b161e9765f8" executionId="0c07f01e-f49e-45c0-ba90-c738226d1375" testListId="8c84fa94-04c1-424b-9868-57a2d4851a1d" />
  </TestEntries>
  <TestLists>
    <TestList name="Wyniki, których nie ma na liście" id="8c84fa94-04c1-424b-9868-57a2d4851a1d" />
    <TestList name="Wszystkie załadowane wyniki" id="19431567-8539-422a-85d7-44ee4e166bda" />
  </TestLists>
  <ResultSummary outcome="Completed">
    <Counters total="1" executed="1" passed="1" failed="0" error="0" timeout="0" aborted="0" inconclusive="0" passedButRunAborted="0" notRunnable="0" notExecuted="0" disconnected="0" warning="0" completed="0" inProgress="0" pending="0" />
    <Output>
      <StdOut>[xUnit.net 00:00:00.00] xUnit.net VSTest Adapter v2.8.2+699d445a1a (64-bit .NET 9.0.0)&#xD;
[xUnit.net 00:00:00.10]   Discovering: MatchEngine.Tests&#xD;
[xUnit.net 00:00:00.14]   Discovered:  MatchEngine.Tests&#xD;
[xUnit.net 00:00:00.15]   Starting:    MatchEngine.Tests&#xD;
[xUnit.net 00:00:00.20]   Finished:    MatchEngine.Tests&#xD;
</StdOut>
    </Output>
  </ResultSummary>
</TestRun>